{"level":"warn","message":"Requested Smoke is invalid!","timestamp":"2023-07-16 15:35:39"}
{"level":"info","message":"Backend server working on 8090","timestamp":"2023-07-16 15:40:44"}
{"level":"info","message":"Synced db.","timestamp":"2023-07-16 15:40:44"}
{"level":"info","message":"Backend server working on 8090","timestamp":"2023-07-16 15:40:50"}
{"level":"info","message":"Synced db.","timestamp":"2023-07-16 15:40:50"}
{"level":"info","message":"Backend server working on 8090","timestamp":"2023-07-16 15:40:53"}
{"level":"info","message":"Synced db.","timestamp":"2023-07-16 15:40:53"}
{"level":"info","message":"Backend server working on 8090","timestamp":"2023-07-16 15:40:56"}
{"level":"info","message":"Synced db.","timestamp":"2023-07-16 15:40:56"}
{"level":"info","message":"Backend server working on 8090","timestamp":"2023-07-16 15:41:27"}
{"level":"info","message":"Synced db.","timestamp":"2023-07-16 15:41:27"}
{"level":"info","message":"Backend server working on 8090","timestamp":"2023-07-16 15:41:29"}
{"level":"info","message":"Synced db.","timestamp":"2023-07-16 15:41:29"}
{"level":"info","message":"Backend server working on 8090","timestamp":"2023-07-16 15:41:49"}
{"level":"info","message":"Synced db.","timestamp":"2023-07-16 15:41:49"}
{"level":"info","message":"Backend server working on 8090","timestamp":"2023-07-16 15:43:22"}
{"level":"info","message":"Synced db.","timestamp":"2023-07-16 15:43:22"}
{"level":"info","message":"Backend server working on 8090","timestamp":"2023-07-16 15:43:30"}
{"level":"info","message":"Synced db.","timestamp":"2023-07-16 15:43:30"}
{"level":"info","message":"Backend server working on 8090","timestamp":"2023-07-16 15:43:43"}
{"level":"info","message":"Synced db.","timestamp":"2023-07-16 15:43:43"}
{"level":"info","message":"Backend server working on 8090","timestamp":"2023-07-16 15:43:52"}
{"level":"info","message":"Synced db.","timestamp":"2023-07-16 15:43:52"}
{"level":"info","message":"Backend server working on 8090","timestamp":"2023-07-16 15:44:07"}
{"level":"info","message":"Synced db.","timestamp":"2023-07-16 15:44:07"}
{"level":"info","message":"Backend server working on 8090","timestamp":"2023-07-16 15:44:16"}
{"level":"info","message":"Synced db.","timestamp":"2023-07-16 15:44:16"}
{"level":"info","message":"Backend server working on 8090","timestamp":"2023-07-16 15:44:30"}
{"level":"info","message":"Synced db.","timestamp":"2023-07-16 15:44:30"}
{"level":"info","message":"Backend server working on 8090","timestamp":"2023-07-16 15:44:43"}
{"level":"info","message":"Synced db.","timestamp":"2023-07-16 15:44:43"}
{"level":"info","message":"Backend server working on 8090","timestamp":"2023-07-16 15:44:56"}
{"level":"info","message":"Synced db.","timestamp":"2023-07-16 15:44:56"}
{"level":"info","message":"Backend server working on 8090","timestamp":"2023-07-16 15:45:00"}
{"level":"info","message":"Synced db.","timestamp":"2023-07-16 15:45:00"}
{"level":"info","message":"Backend server working on 8090","timestamp":"2023-07-16 15:45:03"}
{"level":"info","message":"Synced db.","timestamp":"2023-07-16 15:45:03"}
{"level":"info","message":"Backend server working on 8090","timestamp":"2023-07-16 15:45:04"}
{"level":"info","message":"Synced db.","timestamp":"2023-07-16 15:45:04"}
{"level":"info","message":"Backend server working on 8090","timestamp":"2023-07-16 15:45:19"}
{"level":"info","message":"Synced db.","timestamp":"2023-07-16 15:45:19"}
{"level":"info","message":"Backend server working on 8090","timestamp":"2023-07-16 15:45:24"}
{"level":"info","message":"Synced db.","timestamp":"2023-07-16 15:45:24"}
{"level":"info","message":"Backend server working on 8090","timestamp":"2023-07-16 15:45:26"}
{"level":"info","message":"Synced db.","timestamp":"2023-07-16 15:45:26"}
{"level":"info","message":"Backend server working on 8090","timestamp":"2023-07-16 15:45:36"}
{"level":"info","message":"Synced db.","timestamp":"2023-07-16 15:45:36"}
{"level":"info","message":"Backend server working on 8090","timestamp":"2023-07-16 15:45:45"}
{"level":"info","message":"Synced db.","timestamp":"2023-07-16 15:45:45"}
{"level":"info","message":"Backend server working on 8090","timestamp":"2023-07-16 15:45:47"}
{"level":"info","message":"Synced db.","timestamp":"2023-07-16 15:45:47"}
{"level":"info","message":"Backend server working on 8090","timestamp":"2023-07-16 15:45:52"}
{"level":"info","message":"Synced db.","timestamp":"2023-07-16 15:45:52"}
{"level":"info","message":"Backend server working on 8090","timestamp":"2023-07-16 15:46:00"}
{"level":"info","message":"Synced db.","timestamp":"2023-07-16 15:46:00"}
{"level":"info","message":"Backend server working on 8090","timestamp":"2023-07-16 15:46:04"}
{"level":"info","message":"Synced db.","timestamp":"2023-07-16 15:46:05"}
{"level":"info","message":"Backend server working on 8090","timestamp":"2023-07-16 15:46:07"}
{"level":"info","message":"Synced db.","timestamp":"2023-07-16 15:46:07"}
{"level":"info","message":"Backend server working on 8090","timestamp":"2023-07-16 15:46:12"}
{"level":"info","message":"Synced db.","timestamp":"2023-07-16 15:46:12"}
{"level":"info","message":"Backend server working on 8090","timestamp":"2023-07-16 15:46:17"}
{"level":"info","message":"Synced db.","timestamp":"2023-07-16 15:46:17"}
{"level":"info","message":"Backend server working on 8090","timestamp":"2023-07-16 15:46:44"}
{"level":"info","message":"Synced db.","timestamp":"2023-07-16 15:46:44"}
{"level":"info","message":"Backend server working on 8090","timestamp":"2023-07-16 15:46:59"}
{"level":"info","message":"Synced db.","timestamp":"2023-07-16 15:46:59"}
{"level":"info","message":"Backend server working on 8090","timestamp":"2023-07-16 15:47:05"}
{"level":"info","message":"Synced db.","timestamp":"2023-07-16 15:47:05"}
{"level":"info","message":"Backend server working on 8090","timestamp":"2023-07-16 15:47:10"}
{"level":"info","message":"Synced db.","timestamp":"2023-07-16 15:47:10"}
{"level":"info","message":"Backend server working on 8090","timestamp":"2023-07-16 15:47:30"}
{"level":"info","message":"Synced db.","timestamp":"2023-07-16 15:47:30"}
{"level":"info","message":"Backend server working on 8090","timestamp":"2023-07-16 15:48:50"}
{"level":"info","message":"Synced db.","timestamp":"2023-07-16 15:48:50"}
{"level":"info","message":"Backend server working on 8090","timestamp":"2023-07-16 15:48:56"}
{"level":"info","message":"Synced db.","timestamp":"2023-07-16 15:48:56"}
{"level":"info","message":"Backend server working on 8090","timestamp":"2023-07-16 15:49:02"}
{"level":"info","message":"Synced db.","timestamp":"2023-07-16 15:49:02"}
{"level":"error","message":"Can't Get Smokes: Error : smokeService.getAll is not a function","timestamp":"2023-07-16 15:57:25"}
{"level":"error","message":"Can't Get Smokes: Error : smokeService.getAll is not a function","timestamp":"2023-07-16 15:57:29"}
{"level":"error","message":"Can't Get Smokes: Error : smokeService.getAll is not a function","timestamp":"2023-07-16 15:57:40"}
{"level":"error","timestamp":"2023-07-16 15:58:11"}
{"level":"error","timestamp":"2023-07-16 15:58:12"}
{"level":"error","timestamp":"2023-07-16 15:58:11"}
{"level":"error","timestamp":"2023-07-16 15:58:12"}
{"level":"warn","message":"Refresh Token is required!","timestamp":"2023-07-16 15:58:11"}
{"level":"warn","message":"Refresh Token is required!","timestamp":"2023-07-16 15:58:12"}
{"level":"warn","message":"Refresh Token is required!","timestamp":"2023-07-16 15:58:12"}
{"level":"warn","message":"Invalid Refresh Token","timestamp":"2023-07-16 15:58:13"}
{"level":"warn","message":"Refresh token is not in database!","timestamp":"2023-07-16 15:58:13"}
{"level":"info","message":"User: userId : Is Performing first log in password change","timestamp":"2023-07-16 15:58:11"}
{"level":"error","message":"Invalid User Request: Cannot read properties of undefined (reading 'email')","timestamp":"2023-07-16 15:58:11"}
{"level":"error","message":"Invalid User Request: email : is invalid; ","timestamp":"2023-07-16 15:58:12"}
{"level":"error","message":"Invalid User Request: oldPassword : is invalid; ","timestamp":"2023-07-16 15:58:12"}
{"level":"error","message":"Invalid User Request: oldPassword : is invalid; ","timestamp":"2023-07-16 15:58:13"}
{"level":"error","message":"Invalid User Request: newPassword : is invalid; ","timestamp":"2023-07-16 15:58:13"}
{"level":"error","message":"Invalid User Request: newPassword : is invalid; ","timestamp":"2023-07-16 15:58:13"}
{"level":"warn","message":"User with email: valid@email.com, is not found","timestamp":"2023-07-16 15:58:14"}
{"level":"error","message":"User: userId : Is Locked and try to login","timestamp":"2023-07-16 15:58:14"}
{"level":"error","message":"Invalid User Request: email : is invalid; password : is invalid; ","timestamp":"2023-07-16 15:58:11"}
{"level":"error","message":"Invalid User Request: email : is invalid; ","timestamp":"2023-07-16 15:58:12"}
{"level":"error","message":"Invalid User Request: email : is invalid; ","timestamp":"2023-07-16 15:58:13"}
{"level":"error","message":"Invalid User Request: email : is invalid; ","timestamp":"2023-07-16 15:58:13"}
{"level":"error","message":"Invalid User Request: password : is invalid; ","timestamp":"2023-07-16 15:58:14"}
{"level":"error","message":"Invalid User Request: password : is invalid; ","timestamp":"2023-07-16 15:58:14"}
{"level":"error","message":"Invalid User Request: password : is invalid; ","timestamp":"2023-07-16 15:58:15"}
{"level":"info","message":"Login User: 12345678 : Refresh Tokens Cleared!","timestamp":"2023-07-16 15:58:15"}
{"level":"error","message":"User with email: test@mail.com : Is not found","timestamp":"2023-07-16 15:58:15"}
{"level":"error","message":"User: undefined : Is Locked and try to login","timestamp":"2023-07-16 15:58:15"}
{"level":"info","message":"Login User: 12345678 : Refresh Tokens Cleared!","timestamp":"2023-07-16 15:58:16"}
{"level":"info","message":"Login User: 12345678 : Refresh Tokens Cleared!","timestamp":"2023-07-16 15:58:16"}
{"level":"info","message":"Login User: 12345678 : Refresh Tokens Cleared!","timestamp":"2023-07-16 15:58:16"}
{"level":"info","message":"User: 12345678 : Is Performing first log in","timestamp":"2023-07-16 15:58:16"}
{"level":"info","message":"Backend server working on 8090","timestamp":"2023-07-16 15:58:18"}
{"level":"info","message":"Synced db.","timestamp":"2023-07-16 15:58:18"}
{"level":"error","message":"Can't Get Smokes: Error : smokeService.getAll is not a function","timestamp":"2023-07-16 15:58:33"}
{"level":"info","message":"Backend server working on 8090","timestamp":"2023-07-16 15:59:01"}
{"level":"info","message":"Synced db.","timestamp":"2023-07-16 15:59:01"}
